<?xml version="1.0" encoding="UTF-8"?>
<!-- Generated by org.testng.reporters.JUnitReportReporter -->
<testsuite skipped="0" hostname="LAPTOP-OV4RUVE6" name="a4_assertTest.A1_HardAssertTest" tests="1" failures="0" timestamp="13 Jan 2023 05:53:54 GMT" time="0.026" errors="0">
  <testcase name="performAssert" time="0.026" classname="a4_assertTest.A1_HardAssertTest"/>
</testsuite> <!-- a4_assertTest.A1_HardAssertTest -->
