<?xml version="1.0" encoding="UTF-8"?>
<!-- Generated by org.testng.reporters.JUnitReportReporter -->
<testsuite skipped="0" hostname="LAPTOP-OV4RUVE6" name="a1_keyWordTest.A3_ClassLevelTest" tests="6" failures="0" timestamp="28 Dec 2022 12:57:13 GMT" time="0.030" errors="0">
  <testcase name="addToCart" time="0.020" classname="a1_keyWordTest.A3_ClassLevelTest"/>
  <testcase name="trackOrder" time="0.002" classname="a1_keyWordTest.A3_ClassLevelTest"/>
  <testcase name="loginApp" time="0.002" classname="a1_keyWordTest.A3_ClassLevelTest"/>
  <testcase name="cancleOrder" time="0.004" classname="a1_keyWordTest.A3_ClassLevelTest"/>
  <testcase name="searchProduct" time="0.001" classname="a1_keyWordTest.A3_ClassLevelTest"/>
  <testcase name="payment" time="0.001" classname="a1_keyWordTest.A3_ClassLevelTest"/>
</testsuite> <!-- a1_keyWordTest.A3_ClassLevelTest -->
