<?xml version="1.0" encoding="UTF-8"?>
<!-- Generated by org.testng.reporters.JUnitReportReporter -->
<testsuite skipped="0" hostname="LAPTOP-OV4RUVE6" name="a1_keyWordTest.A4_PriorityTest" tests="1" failures="0" timestamp="08 Feb 2023 13:24:23 GMT" time="0.015" errors="0">
  <testcase name="loginApp" time="0.015" classname="a1_keyWordTest.A4_PriorityTest"/>
</testsuite> <!-- a1_keyWordTest.A4_PriorityTest -->
