<?xml version="1.0" encoding="UTF-8"?>
<!-- Generated by org.testng.reporters.JUnitReportReporter -->
<testsuite skipped="0" hostname="LAPTOP-OV4RUVE6" name="a7_parametersTest.A2_WebdriverParametersTest2" tests="1" failures="0" timestamp="26 Dec 2022 05:04:26 GMT" time="9.954" errors="0">
  <testcase name="loginTest" time="9.954" classname="a7_parametersTest.A2_WebdriverParametersTest2"/>
</testsuite> <!-- a7_parametersTest.A2_WebdriverParametersTest2 -->
