<?xml version="1.0" encoding="UTF-8"?>
<!-- Generated by org.testng.reporters.JUnitReportReporter -->
<testsuite skipped="0" hostname="LAPTOP-OV4RUVE6" name="a1_keyWordTest.A2_FirstAtTest" tests="6" failures="0" timestamp="2023-02-21T09:56:05 IST" time="0.034" errors="0">
  <testcase name="addToCart" time="0.016" classname="a1_keyWordTest.A2_FirstAtTest"/>
  <system-out/>
  <testcase name="trackOrder" time="0.007" classname="a1_keyWordTest.A2_FirstAtTest"/>
  <system-out/>
  <testcase name="payment" time="0.003" classname="a1_keyWordTest.A2_FirstAtTest"/>
  <system-out/>
  <testcase name="cancleOrder" time="0.003" classname="a1_keyWordTest.A2_FirstAtTest"/>
  <system-out/>
  <testcase name="searchProduct" time="0.003" classname="a1_keyWordTest.A2_FirstAtTest"/>
  <system-out/>
  <testcase name="loginApp" time="0.002" classname="a1_keyWordTest.A2_FirstAtTest"/>
  <system-out/>
</testsuite> <!-- a1_keyWordTest.A2_FirstAtTest -->
