<?xml version="1.0" encoding="UTF-8"?>
<!-- Generated by org.testng.reporters.JUnitReportReporter -->
<testsuite skipped="0" hostname="LAPTOP-OV4RUVE6" name="a1_keyWordTest.B4_DescriptionTest" tests="6" failures="0" timestamp="09 Jan 2023 14:27:19 GMT" time="0.028" errors="0">
  <testcase name="loginApp" time="0.015" classname="a1_keyWordTest.B4_DescriptionTest"/>
  <testcase name="searchProduct" time="0.003" classname="a1_keyWordTest.B4_DescriptionTest"/>
  <testcase name="addToCart" time="0.002" classname="a1_keyWordTest.B4_DescriptionTest"/>
  <testcase name="payment" time="0.001" classname="a1_keyWordTest.B4_DescriptionTest"/>
  <testcase name="cancleOrder" time="0.004" classname="a1_keyWordTest.B4_DescriptionTest"/>
  <testcase name="trackOrder" time="0.003" classname="a1_keyWordTest.B4_DescriptionTest"/>
</testsuite> <!-- a1_keyWordTest.B4_DescriptionTest -->
