<?xml version="1.0" encoding="UTF-8"?>
<!-- Generated by org.testng.reporters.JUnitReportReporter -->
<testsuite skipped="0" hostname="LAPTOP-OV4RUVE6" name="a1_keyWordTest.B3_InvocationCountTest" tests="12" failures="0" timestamp="04 Jan 2023 04:26:09 GMT" time="0.070" errors="0">
  <testcase name="loginApp" time="0.046" classname="a1_keyWordTest.B3_InvocationCountTest"/>
  <testcase name="loginApp" time="0.002" classname="a1_keyWordTest.B3_InvocationCountTest"/>
  <testcase name="loginApp" time="0.003" classname="a1_keyWordTest.B3_InvocationCountTest"/>
  <testcase name="loginApp" time="0.002" classname="a1_keyWordTest.B3_InvocationCountTest"/>
  <testcase name="loginApp" time="0.002" classname="a1_keyWordTest.B3_InvocationCountTest"/>
  <testcase name="searchProduct" time="0.002" classname="a1_keyWordTest.B3_InvocationCountTest"/>
  <testcase name="addToCart" time="0.002" classname="a1_keyWordTest.B3_InvocationCountTest"/>
  <testcase name="addToCart" time="0.001" classname="a1_keyWordTest.B3_InvocationCountTest"/>
  <testcase name="addToCart" time="0.004" classname="a1_keyWordTest.B3_InvocationCountTest"/>
  <testcase name="payment" time="0.002" classname="a1_keyWordTest.B3_InvocationCountTest"/>
  <testcase name="cancleOrder" time="0.002" classname="a1_keyWordTest.B3_InvocationCountTest"/>
  <testcase name="trackOrder" time="0.002" classname="a1_keyWordTest.B3_InvocationCountTest"/>
</testsuite> <!-- a1_keyWordTest.B3_InvocationCountTest -->
