<?xml version="1.0" encoding="UTF-8"?>
<!-- Generated by org.testng.reporters.JUnitReportReporter -->
<testsuite skipped="0" hostname="LAPTOP-OV4RUVE6" name="b2_ITestResult.A1_SampleTest" tests="1" failures="0" timestamp="08 Feb 2023 05:40:26 GMT" time="0.021" errors="0">
  <testcase name="loginApp" time="0.021" classname="b2_ITestResult.A1_SampleTest"/>
</testsuite> <!-- b2_ITestResult.A1_SampleTest -->
