<?xml version="1.0" encoding="UTF-8"?>
<!-- Generated by org.testng.reporters.JUnitReportReporter -->
<testsuite skipped="0" hostname="LAPTOP-OV4RUVE6" name="a1_keyWordTest.A7_PriorityTest" tests="10" failures="0" timestamp="21 Dec 2022 05:28:31 GMT" time="0.036" errors="0">
  <testcase name="loginDB" time="0.022" classname="a1_keyWordTest.A7_PriorityTest"/>
  <testcase name="openBrowser" time="0.004" classname="a1_keyWordTest.A7_PriorityTest"/>
  <testcase name="loginApp" time="0.003" classname="a1_keyWordTest.A7_PriorityTest"/>
  <testcase name="searchProduct" time="0.001" classname="a1_keyWordTest.A7_PriorityTest"/>
  <testcase name="addToCart" time="0.002" classname="a1_keyWordTest.A7_PriorityTest"/>
  <testcase name="b_cashPayment" time="0.001" classname="a1_keyWordTest.A7_PriorityTest"/>
  <testcase name="payment" time="0.000" classname="a1_keyWordTest.A7_PriorityTest"/>
  <testcase name="a_onlinePayment" time="0.002" classname="a1_keyWordTest.A7_PriorityTest"/>
  <testcase name="cancleOrder" time="0.000" classname="a1_keyWordTest.A7_PriorityTest"/>
  <testcase name="trackOrder" time="0.001" classname="a1_keyWordTest.A7_PriorityTest"/>
</testsuite> <!-- a1_keyWordTest.A7_PriorityTest -->
