<?xml version="1.0" encoding="UTF-8"?>
<!-- Generated by org.testng.reporters.JUnitReportReporter -->
<testsuite skipped="1" hostname="LAPTOP-OV4RUVE6" name="a1_keyWordTest.A9_SkipTest" tests="6" failures="0" timestamp="22 Dec 2022 04:17:48 GMT" time="0.023" errors="0">
  <testcase name="loginApp" time="0.015" classname="a1_keyWordTest.A9_SkipTest"/>
  <testcase name="searchProduct" time="0.003" classname="a1_keyWordTest.A9_SkipTest"/>
  <testcase name="addToCart" time="0.001" classname="a1_keyWordTest.A9_SkipTest"/>
  <testcase name="payment" time="0.002" classname="a1_keyWordTest.A9_SkipTest"/>
  <testcase name="trackOrder" time="0.002" classname="a1_keyWordTest.A9_SkipTest"/>
  <testcase name="cancleOrder" classname="a1_keyWordTest.A9_SkipTest">
    <skipped/>
  </testcase> <!-- cancleOrder -->
</testsuite> <!-- a1_keyWordTest.A9_SkipTest -->
