<?xml version="1.0" encoding="UTF-8"?>
<!-- Generated by org.testng.reporters.JUnitReportReporter -->
<testsuite skipped="0" hostname="LAPTOP-OV4RUVE6" name="a1_keyWordTest.A6_PriorityTest" tests="1" failures="0" timestamp="28 Dec 2022 16:04:47 GMT" time="0.015" errors="0">
  <testcase name="b_onlinePayment" time="0.015" classname="a1_keyWordTest.A6_PriorityTest"/>
</testsuite> <!-- a1_keyWordTest.A6_PriorityTest -->
