<?xml version="1.0" encoding="UTF-8"?>
<!-- Generated by org.testng.reporters.JUnitReportReporter -->
<testsuite skipped="0" hostname="LAPTOP-OV4RUVE6" name="a1_keyWordTest.A5_PriorityTest" tests="7" failures="0" timestamp="21 Dec 2022 05:21:55 GMT" time="0.034" errors="0">
  <testcase name="openBrowser" time="0.019" classname="a1_keyWordTest.A5_PriorityTest"/>
  <testcase name="loginApp" time="0.011" classname="a1_keyWordTest.A5_PriorityTest"/>
  <testcase name="searchProduct" time="0.002" classname="a1_keyWordTest.A5_PriorityTest"/>
  <testcase name="addToCart" time="0.000" classname="a1_keyWordTest.A5_PriorityTest"/>
  <testcase name="payment" time="0.000" classname="a1_keyWordTest.A5_PriorityTest"/>
  <testcase name="cancleOrder" time="0.002" classname="a1_keyWordTest.A5_PriorityTest"/>
  <testcase name="trackOrder" time="0.000" classname="a1_keyWordTest.A5_PriorityTest"/>
</testsuite> <!-- a1_keyWordTest.A5_PriorityTest -->
