<?xml version="1.0" encoding="UTF-8"?>
<!-- Generated by org.testng.reporters.JUnitReportReporter -->
<testsuite skipped="0" hostname="LAPTOP-OV4RUVE6" name="a3_annotationTest.A1_BeforeMethod" tests="6" failures="0" timestamp="03 Jan 2023 09:13:41 GMT" time="0.027" errors="0">
  <testcase name="loginApp" time="0.007" classname="a3_annotationTest.A1_BeforeMethod"/>
  <testcase name="searchProduct" time="0.004" classname="a3_annotationTest.A1_BeforeMethod"/>
  <testcase name="addToCart" time="0.010" classname="a3_annotationTest.A1_BeforeMethod"/>
  <testcase name="payment" time="0.003" classname="a3_annotationTest.A1_BeforeMethod"/>
  <testcase name="cancleOrder" time="0.002" classname="a3_annotationTest.A1_BeforeMethod"/>
  <testcase name="trackOrder" time="0.001" classname="a3_annotationTest.A1_BeforeMethod"/>
</testsuite> <!-- a3_annotationTest.A1_BeforeMethod -->
