<?xml version="1.0" encoding="UTF-8"?>
<!-- Generated by org.testng.reporters.JUnitReportReporter -->
<testsuite skipped="0" hostname="LAPTOP-OV4RUVE6" name="a3_annotationTest.A2_BeforeClass" tests="6" failures="0" timestamp="03 Jan 2023 09:20:02 GMT" time="0.028" errors="0">
  <testcase name="loginApp" time="0.007" classname="a3_annotationTest.A2_BeforeClass"/>
  <testcase name="searchProduct" time="0.005" classname="a3_annotationTest.A2_BeforeClass"/>
  <testcase name="addToCart" time="0.004" classname="a3_annotationTest.A2_BeforeClass"/>
  <testcase name="payment" time="0.004" classname="a3_annotationTest.A2_BeforeClass"/>
  <testcase name="cancleOrder" time="0.004" classname="a3_annotationTest.A2_BeforeClass"/>
  <testcase name="trackOrder" time="0.004" classname="a3_annotationTest.A2_BeforeClass"/>
</testsuite> <!-- a3_annotationTest.A2_BeforeClass -->
