<?xml version="1.0" encoding="UTF-8"?>
<!-- Generated by org.testng.reporters.JUnitReportReporter -->
<testsuite skipped="0" hostname="LAPTOP-OV4RUVE6" name="a7_parametersTest.A1_ParametersTest" tests="1" failures="0" timestamp="2023-02-21T20:45:08 IST" time="0.011" errors="0">
  <testcase name="loginTest" time="0.011" classname="a7_parametersTest.A1_ParametersTest"/>
  <system-out/>
</testsuite> <!-- a7_parametersTest.A1_ParametersTest -->
