<?xml version="1.0" encoding="UTF-8"?>
<!-- Generated by org.testng.reporters.JUnitReportReporter -->
<testsuite skipped="0" hostname="LAPTOP-OV4RUVE6" name="Example.Example" tests="1" failures="0" timestamp="04 Jan 2023 11:24:49 GMT" time="9.114" errors="0">
  <testcase name="eightComponents" time="9.114" classname="Example.Example"/>
</testsuite> <!-- Example.Example -->
