<?xml version="1.0" encoding="UTF-8"?>
<!-- Generated by org.testng.reporters.JUnitReportReporter -->
<testsuite skipped="0" hostname="LAPTOP-OV4RUVE6" name="a3_annotationTest.A3_BeforeTest" tests="6" failures="0" timestamp="03 Jan 2023 09:20:25 GMT" time="0.030" errors="0">
  <testcase name="loginApp" time="0.009" classname="a3_annotationTest.A3_BeforeTest"/>
  <testcase name="searchProduct" time="0.003" classname="a3_annotationTest.A3_BeforeTest"/>
  <testcase name="addToCart" time="0.005" classname="a3_annotationTest.A3_BeforeTest"/>
  <testcase name="payment" time="0.003" classname="a3_annotationTest.A3_BeforeTest"/>
  <testcase name="cancleOrder" time="0.006" classname="a3_annotationTest.A3_BeforeTest"/>
  <testcase name="trackOrder" time="0.004" classname="a3_annotationTest.A3_BeforeTest"/>
</testsuite> <!-- a3_annotationTest.A3_BeforeTest -->
