<?xml version="1.0" encoding="UTF-8"?>
<!-- Generated by org.testng.reporters.JUnitReportReporter -->
<testsuite skipped="0" hostname="LAPTOP-OV4RUVE6" name="a7_parametersTest.A2_WebdriverParametersTest" tests="1" failures="0" timestamp="27 Dec 2022 04:09:49 GMT" time="9.965" errors="0">
  <testcase name="loginTest" time="9.965" classname="a7_parametersTest.A2_WebdriverParametersTest"/>
</testsuite> <!-- a7_parametersTest.A2_WebdriverParametersTest -->
