<?xml version="1.0" encoding="UTF-8"?>
<!-- Generated by org.testng.reporters.JUnitReportReporter -->
<testsuite skipped="0" hostname="LAPTOP-OV4RUVE6" name="a6_groupsTest.A1_GroupsTest" tests="16" failures="0" timestamp="2023-02-21T20:43:25 IST" time="0.051" errors="0">
  <testcase name="loginApp" time="0.002" classname="a6_groupsTest.A1_GroupsTest"/>
  <system-out/>
  <testcase name="loginApp" time="0.002" classname="a6_groupsTest.A1_GroupsTest"/>
  <system-out/>
  <testcase name="loginApp" time="0.002" classname="a6_groupsTest.A1_GroupsTest"/>
  <system-out/>
  <testcase name="loginApp" time="0.012" classname="a6_groupsTest.A1_GroupsTest"/>
  <system-out/>
  <testcase name="searchProduct" time="0.003" classname="a6_groupsTest.A1_GroupsTest"/>
  <system-out/>
  <testcase name="searchProduct" time="0.003" classname="a6_groupsTest.A1_GroupsTest"/>
  <system-out/>
  <testcase name="searchProduct" time="0.005" classname="a6_groupsTest.A1_GroupsTest"/>
  <system-out/>
  <testcase name="searchProduct" time="0.002" classname="a6_groupsTest.A1_GroupsTest"/>
  <system-out/>
  <testcase name="addToCart" time="0.001" classname="a6_groupsTest.A1_GroupsTest"/>
  <system-out/>
  <testcase name="addToCart" time="0.002" classname="a6_groupsTest.A1_GroupsTest"/>
  <system-out/>
  <testcase name="addToCart" time="0.003" classname="a6_groupsTest.A1_GroupsTest"/>
  <system-out/>
  <testcase name="payment" time="0.004" classname="a6_groupsTest.A1_GroupsTest"/>
  <system-out/>
  <testcase name="payment" time="0.002" classname="a6_groupsTest.A1_GroupsTest"/>
  <system-out/>
  <testcase name="payment" time="0.002" classname="a6_groupsTest.A1_GroupsTest"/>
  <system-out/>
  <testcase name="cancleOrder" time="0.001" classname="a6_groupsTest.A1_GroupsTest"/>
  <system-out/>
  <testcase name="trackOrder" time="0.005" classname="a6_groupsTest.A1_GroupsTest"/>
  <system-out/>
</testsuite> <!-- a6_groupsTest.A1_GroupsTest -->
