<?xml version="1.0" encoding="UTF-8"?>
<!-- Generated by org.testng.reporters.JUnitReportReporter -->
<testsuite skipped="0" hostname="LAPTOP-OV4RUVE6" name="a1_keyWordTest.B6_ExpectedException" tests="1" failures="0" timestamp="29 Dec 2022 15:31:39 GMT" time="0.024" errors="0">
  <testcase name="loginApp" time="0.024" classname="a1_keyWordTest.B6_ExpectedException"/>
</testsuite> <!-- a1_keyWordTest.B6_ExpectedException -->
