<?xml version="1.0" encoding="UTF-8"?>
<!-- Generated by org.testng.reporters.JUnitReportReporter -->
<testsuite skipped="0" hostname="LAPTOP-OV4RUVE6" name="a8_dataProvider.A1_DataProvider" tests="3" failures="0" timestamp="03 Jan 2023 09:35:56 GMT" time="0.019" errors="0">
  <testcase name="loginTest" time="0.002" classname="a8_dataProvider.A1_DataProvider"/>
  <testcase name="loginTest" time="0.014" classname="a8_dataProvider.A1_DataProvider"/>
  <testcase name="loginTest" time="0.003" classname="a8_dataProvider.A1_DataProvider"/>
</testsuite> <!-- a8_dataProvider.A1_DataProvider -->
