<?xml version="1.0" encoding="UTF-8"?>
<!-- Generated by org.testng.reporters.JUnitReportReporter -->
<testsuite skipped="0" hostname="LAPTOP-OV4RUVE6" name="a5_failedTestRun.A1_FailedTestRun" tests="1" failures="0" timestamp="23 Dec 2022 05:00:47 GMT" time="0.014" errors="0">
  <testcase name="searchProduct" time="0.014" classname="a5_failedTestRun.A1_FailedTestRun"/>
</testsuite> <!-- a5_failedTestRun.A1_FailedTestRun -->
